[2023-05-04 18:39:16,999] {taskinstance.py:1037} INFO - Dependencies all met for <TaskInstance: TrainingPipeline.training_step manual__2023-05-04T18:39:15.133407+00:00 [queued]>
[2023-05-04 18:39:17,005] {taskinstance.py:1037} INFO - Dependencies all met for <TaskInstance: TrainingPipeline.training_step manual__2023-05-04T18:39:15.133407+00:00 [queued]>
[2023-05-04 18:39:17,005] {taskinstance.py:1243} INFO - 
--------------------------------------------------------------------------------
[2023-05-04 18:39:17,005] {taskinstance.py:1244} INFO - Starting attempt 1 of 1
[2023-05-04 18:39:17,005] {taskinstance.py:1245} INFO - 
--------------------------------------------------------------------------------
[2023-05-04 18:39:17,013] {taskinstance.py:1264} INFO - Executing <Task(DockerOperatorWithExposedPorts): training_step> on 2023-05-04 18:39:15.133407+00:00
[2023-05-04 18:39:17,017] {standard_task_runner.py:52} INFO - Started process 275 to run task
[2023-05-04 18:39:17,019] {standard_task_runner.py:76} INFO - Running: ['***', 'tasks', 'run', 'TrainingPipeline', 'training_step', 'manual__2023-05-04T18:39:15.133407+00:00', '--job-id', '38', '--raw', '--subdir', 'DAGS_FOLDER/train_pipeline.py', '--cfg-path', '/tmp/tmpc4zyxghx', '--error-file', '/tmp/tmparvzqcw9']
[2023-05-04 18:39:17,019] {standard_task_runner.py:77} INFO - Job 38: Subtask training_step
[2023-05-04 18:39:17,052] {logging_mixin.py:109} INFO - Running <TaskInstance: TrainingPipeline.training_step manual__2023-05-04T18:39:15.133407+00:00 [running]> on host 62f67588e447
[2023-05-04 18:39:17,075] {logging_mixin.py:109} WARNING - /home/***/.local/lib/python3.7/site-packages/***/utils/context.py:156 AirflowContextDeprecationWarning: Accessing 'execution_date' from the template is deprecated and will be removed in a future version. Please use 'data_interval_start' or 'logical_date' instead.
[2023-05-04 18:39:17,088] {taskinstance.py:1431} INFO - Exporting the following env vars:
AIRFLOW_CTX_DAG_OWNER=***
AIRFLOW_CTX_DAG_ID=TrainingPipeline
AIRFLOW_CTX_TASK_ID=training_step
AIRFLOW_CTX_EXECUTION_DATE=2023-05-04T18:39:15.133407+00:00
AIRFLOW_CTX_DAG_RUN_ID=manual__2023-05-04T18:39:15.133407+00:00
[2023-05-04 18:39:17,097] {docker.py:236} INFO - Starting docker container from image ml_project
[2023-05-04 18:39:17,099] {docker.py:247} WARNING - Using remote engine or docker-in-docker and mounting temporary volume from host is not supported. Falling back to `mount_tmp_dir=False` mode. You can set `mount_tmp_dir` parameter to False to disable mounting and remove the warning
[2023-05-04 18:39:17,986] {docker_operator_with_exposed_ports.py:93} INFO - b"2023-05-04 18:39:17,985 INFO: Lectura del dataset. Features: ['SepalLengthCm', 'SepalWidthCm', 'PetalLengthCm', 'PetalWidthCm']. Rows: 150.\n"
[2023-05-04 18:39:17,992] {docker_operator_with_exposed_ports.py:93} INFO - b'2023-05-04 18:39:17,992 INFO: Metricas de entrenamiento. Accuracy: 0.9733333333333334.\n'
[2023-05-04 18:39:18,329] {taskinstance.py:1282} INFO - Marking task as SUCCESS. dag_id=TrainingPipeline, task_id=training_step, execution_date=20230504T183915, start_date=20230504T183916, end_date=20230504T183918
[2023-05-04 18:39:18,354] {local_task_job.py:154} INFO - Task exited with return code 0
[2023-05-04 18:39:18,390] {local_task_job.py:264} INFO - 1 downstream tasks scheduled from follow-on schedule check
