[2023-05-04 18:38:37,049] {processor.py:163} INFO - Started process (PID=168) to work on /opt/airflow/dags/predict_pipeline.py
[2023-05-04 18:38:37,050] {processor.py:642} INFO - Processing file /opt/airflow/dags/predict_pipeline.py for tasks to queue
[2023-05-04 18:38:37,050] {logging_mixin.py:109} INFO - [2023-05-04 18:38:37,050] {dagbag.py:500} INFO - Filling up the DagBag from /opt/airflow/dags/predict_pipeline.py
[2023-05-04 18:38:37,569] {processor.py:654} INFO - DAG(s) dict_keys(['PredictingPipeline']) retrieved from /opt/airflow/dags/predict_pipeline.py
[2023-05-04 18:38:37,576] {logging_mixin.py:109} INFO - [2023-05-04 18:38:37,576] {dag.py:2398} INFO - Sync 1 DAGs
[2023-05-04 18:38:37,585] {logging_mixin.py:109} INFO - [2023-05-04 18:38:37,585] {dag.py:2937} INFO - Setting next_dagrun for PredictingPipeline to 2023-05-04T18:34:13.508990+00:00
[2023-05-04 18:38:37,592] {processor.py:171} INFO - Processing /opt/airflow/dags/predict_pipeline.py took 0.545 seconds
[2023-05-04 18:39:07,699] {processor.py:163} INFO - Started process (PID=223) to work on /opt/airflow/dags/predict_pipeline.py
[2023-05-04 18:39:07,701] {processor.py:642} INFO - Processing file /opt/airflow/dags/predict_pipeline.py for tasks to queue
[2023-05-04 18:39:07,702] {logging_mixin.py:109} INFO - [2023-05-04 18:39:07,702] {dagbag.py:500} INFO - Filling up the DagBag from /opt/airflow/dags/predict_pipeline.py
[2023-05-04 18:39:08,108] {processor.py:654} INFO - DAG(s) dict_keys(['PredictingPipeline']) retrieved from /opt/airflow/dags/predict_pipeline.py
[2023-05-04 18:39:08,115] {logging_mixin.py:109} INFO - [2023-05-04 18:39:08,115] {dag.py:2398} INFO - Sync 1 DAGs
[2023-05-04 18:39:08,123] {logging_mixin.py:109} INFO - [2023-05-04 18:39:08,122] {dag.py:2937} INFO - Setting next_dagrun for PredictingPipeline to 2023-05-04T18:34:13.508990+00:00
[2023-05-04 18:39:08,130] {processor.py:171} INFO - Processing /opt/airflow/dags/predict_pipeline.py took 0.435 seconds
[2023-05-04 18:39:38,248] {processor.py:163} INFO - Started process (PID=320) to work on /opt/airflow/dags/predict_pipeline.py
[2023-05-04 18:39:38,250] {processor.py:642} INFO - Processing file /opt/airflow/dags/predict_pipeline.py for tasks to queue
[2023-05-04 18:39:38,250] {logging_mixin.py:109} INFO - [2023-05-04 18:39:38,250] {dagbag.py:500} INFO - Filling up the DagBag from /opt/airflow/dags/predict_pipeline.py
[2023-05-04 18:39:38,600] {processor.py:654} INFO - DAG(s) dict_keys(['PredictingPipeline']) retrieved from /opt/airflow/dags/predict_pipeline.py
[2023-05-04 18:39:38,611] {logging_mixin.py:109} INFO - [2023-05-04 18:39:38,611] {dag.py:2398} INFO - Sync 1 DAGs
[2023-05-04 18:39:38,622] {logging_mixin.py:109} INFO - [2023-05-04 18:39:38,622] {dag.py:2937} INFO - Setting next_dagrun for PredictingPipeline to 2023-05-04T18:34:13.508990+00:00
[2023-05-04 18:39:38,632] {processor.py:171} INFO - Processing /opt/airflow/dags/predict_pipeline.py took 0.386 seconds
[2023-05-04 18:40:08,751] {processor.py:163} INFO - Started process (PID=377) to work on /opt/airflow/dags/predict_pipeline.py
[2023-05-04 18:40:08,752] {processor.py:642} INFO - Processing file /opt/airflow/dags/predict_pipeline.py for tasks to queue
[2023-05-04 18:40:08,752] {logging_mixin.py:109} INFO - [2023-05-04 18:40:08,752] {dagbag.py:500} INFO - Filling up the DagBag from /opt/airflow/dags/predict_pipeline.py
[2023-05-04 18:40:09,087] {processor.py:654} INFO - DAG(s) dict_keys(['PredictingPipeline']) retrieved from /opt/airflow/dags/predict_pipeline.py
[2023-05-04 18:40:09,094] {logging_mixin.py:109} INFO - [2023-05-04 18:40:09,093] {dag.py:2398} INFO - Sync 1 DAGs
[2023-05-04 18:40:09,101] {logging_mixin.py:109} INFO - [2023-05-04 18:40:09,101] {dag.py:2937} INFO - Setting next_dagrun for PredictingPipeline to 2023-05-04T18:34:13.508990+00:00
[2023-05-04 18:40:09,107] {processor.py:171} INFO - Processing /opt/airflow/dags/predict_pipeline.py took 0.358 seconds
