[2023-05-06 11:04:20,737] {taskinstance.py:1037} INFO - Dependencies all met for <TaskInstance: PredictingPipeline.finish_prediction_server manual__2023-05-06T11:03:47.174468+00:00 [queued]>
[2023-05-06 11:04:20,749] {taskinstance.py:1037} INFO - Dependencies all met for <TaskInstance: PredictingPipeline.finish_prediction_server manual__2023-05-06T11:03:47.174468+00:00 [queued]>
[2023-05-06 11:04:20,749] {taskinstance.py:1243} INFO - 
--------------------------------------------------------------------------------
[2023-05-06 11:04:20,749] {taskinstance.py:1244} INFO - Starting attempt 1 of 1
[2023-05-06 11:04:20,749] {taskinstance.py:1245} INFO - 
--------------------------------------------------------------------------------
[2023-05-06 11:04:20,762] {taskinstance.py:1264} INFO - Executing <Task(DockerKillerOperator): finish_prediction_server> on 2023-05-06 11:03:47.174468+00:00
[2023-05-06 11:04:20,769] {standard_task_runner.py:52} INFO - Started process 975 to run task
[2023-05-06 11:04:20,773] {standard_task_runner.py:76} INFO - Running: ['***', 'tasks', 'run', 'PredictingPipeline', 'finish_prediction_server', 'manual__2023-05-06T11:03:47.174468+00:00', '--job-id', '11', '--raw', '--subdir', 'DAGS_FOLDER/predict_pipeline.py', '--cfg-path', '/tmp/tmp133kq66k', '--error-file', '/tmp/tmp5alxae0e']
[2023-05-06 11:04:20,774] {standard_task_runner.py:77} INFO - Job 11: Subtask finish_prediction_server
[2023-05-06 11:04:20,831] {logging_mixin.py:109} INFO - Running <TaskInstance: PredictingPipeline.finish_prediction_server manual__2023-05-06T11:03:47.174468+00:00 [running]> on host 2c294513ab10
[2023-05-06 11:04:20,885] {taskinstance.py:1431} INFO - Exporting the following env vars:
AIRFLOW_CTX_DAG_OWNER=***
AIRFLOW_CTX_DAG_ID=PredictingPipeline
AIRFLOW_CTX_TASK_ID=finish_prediction_server
AIRFLOW_CTX_EXECUTION_DATE=2023-05-06T11:03:47.174468+00:00
AIRFLOW_CTX_DAG_RUN_ID=manual__2023-05-06T11:03:47.174468+00:00
[2023-05-06 11:04:20,920] {taskinstance.py:1282} INFO - Marking task as SUCCESS. dag_id=PredictingPipeline, task_id=finish_prediction_server, execution_date=20230506T110347, start_date=20230506T110420, end_date=20230506T110420
[2023-05-06 11:04:20,944] {local_task_job.py:154} INFO - Task exited with return code 0
[2023-05-06 11:04:20,975] {local_task_job.py:264} INFO - 0 downstream tasks scheduled from follow-on schedule check
