[2023-05-06 11:04:47,419] {taskinstance.py:1037} INFO - Dependencies all met for <TaskInstance: PredictingPipeline.write_prdictions manual__2023-05-06T11:04:42.299543+00:00 [queued]>
[2023-05-06 11:04:47,425] {taskinstance.py:1037} INFO - Dependencies all met for <TaskInstance: PredictingPipeline.write_prdictions manual__2023-05-06T11:04:42.299543+00:00 [queued]>
[2023-05-06 11:04:47,426] {taskinstance.py:1243} INFO - 
--------------------------------------------------------------------------------
[2023-05-06 11:04:47,426] {taskinstance.py:1244} INFO - Starting attempt 1 of 1
[2023-05-06 11:04:47,426] {taskinstance.py:1245} INFO - 
--------------------------------------------------------------------------------
[2023-05-06 11:04:47,434] {taskinstance.py:1264} INFO - Executing <Task(DockerOperatorWithExposedPorts): write_prdictions> on 2023-05-06 11:04:42.299543+00:00
[2023-05-06 11:04:47,438] {standard_task_runner.py:52} INFO - Started process 1052 to run task
[2023-05-06 11:04:47,440] {standard_task_runner.py:76} INFO - Running: ['***', 'tasks', 'run', 'PredictingPipeline', 'write_prdictions', 'manual__2023-05-06T11:04:42.299543+00:00', '--job-id', '14', '--raw', '--subdir', 'DAGS_FOLDER/predict_pipeline.py', '--cfg-path', '/tmp/tmpu2p6dwpg', '--error-file', '/tmp/tmpjkrzpzuq']
[2023-05-06 11:04:47,441] {standard_task_runner.py:77} INFO - Job 14: Subtask write_prdictions
[2023-05-06 11:04:47,473] {logging_mixin.py:109} INFO - Running <TaskInstance: PredictingPipeline.write_prdictions manual__2023-05-06T11:04:42.299543+00:00 [running]> on host 2c294513ab10
[2023-05-06 11:04:47,498] {logging_mixin.py:109} WARNING - /home/***/.local/lib/python3.7/site-packages/***/utils/context.py:156 AirflowContextDeprecationWarning: Accessing 'execution_date' from the template is deprecated and will be removed in a future version. Please use 'data_interval_start' or 'logical_date' instead.
[2023-05-06 11:04:47,513] {taskinstance.py:1431} INFO - Exporting the following env vars:
AIRFLOW_CTX_DAG_OWNER=***
AIRFLOW_CTX_DAG_ID=PredictingPipeline
AIRFLOW_CTX_TASK_ID=write_prdictions
AIRFLOW_CTX_EXECUTION_DATE=2023-05-06T11:04:42.299543+00:00
AIRFLOW_CTX_DAG_RUN_ID=manual__2023-05-06T11:04:42.299543+00:00
[2023-05-06 11:04:47,526] {docker.py:236} INFO - Starting docker container from image ubuntu
[2023-05-06 11:04:47,528] {docker.py:247} WARNING - Using remote engine or docker-in-docker and mounting temporary volume from host is not supported. Falling back to `mount_tmp_dir=False` mode. You can set `mount_tmp_dir` parameter to False to disable mounting and remove the warning
[2023-05-06 11:04:48,040] {taskinstance.py:1282} INFO - Marking task as SUCCESS. dag_id=PredictingPipeline, task_id=write_prdictions, execution_date=20230506T110442, start_date=20230506T110447, end_date=20230506T110448
[2023-05-06 11:04:48,059] {local_task_job.py:154} INFO - Task exited with return code 0
[2023-05-06 11:04:48,083] {local_task_job.py:264} INFO - 1 downstream tasks scheduled from follow-on schedule check
