[2023-05-06 10:56:38,564] {processor.py:163} INFO - Started process (PID=168) to work on /opt/airflow/dags/predict_pipeline.py
[2023-05-06 10:56:38,564] {processor.py:642} INFO - Processing file /opt/airflow/dags/predict_pipeline.py for tasks to queue
[2023-05-06 10:56:38,565] {logging_mixin.py:109} INFO - [2023-05-06 10:56:38,565] {dagbag.py:500} INFO - Filling up the DagBag from /opt/airflow/dags/predict_pipeline.py
[2023-05-06 10:56:40,581] {processor.py:654} INFO - DAG(s) dict_keys(['PredictingPipeline']) retrieved from /opt/airflow/dags/predict_pipeline.py
[2023-05-06 10:56:44,339] {logging_mixin.py:109} INFO - [2023-05-06 10:56:44,339] {manager.py:496} INFO - Created Permission View: can edit on DAG:PredictingPipeline
[2023-05-06 10:56:44,348] {logging_mixin.py:109} INFO - [2023-05-06 10:56:44,348] {manager.py:496} INFO - Created Permission View: can read on DAG:PredictingPipeline
[2023-05-06 10:56:44,349] {logging_mixin.py:109} INFO - [2023-05-06 10:56:44,348] {dag.py:2398} INFO - Sync 1 DAGs
[2023-05-06 10:56:44,355] {logging_mixin.py:109} INFO - [2023-05-06 10:56:44,355] {dag.py:2417} INFO - Creating ORM DAG for PredictingPipeline
[2023-05-06 10:56:44,364] {logging_mixin.py:109} INFO - [2023-05-06 10:56:44,364] {dag.py:2937} INFO - Setting next_dagrun for PredictingPipeline to 2023-05-05T10:56:44.364345+00:00
[2023-05-06 10:56:44,374] {processor.py:171} INFO - Processing /opt/airflow/dags/predict_pipeline.py took 5.813 seconds
[2023-05-06 10:57:14,478] {processor.py:163} INFO - Started process (PID=222) to work on /opt/airflow/dags/predict_pipeline.py
[2023-05-06 10:57:14,478] {processor.py:642} INFO - Processing file /opt/airflow/dags/predict_pipeline.py for tasks to queue
[2023-05-06 10:57:14,479] {logging_mixin.py:109} INFO - [2023-05-06 10:57:14,479] {dagbag.py:500} INFO - Filling up the DagBag from /opt/airflow/dags/predict_pipeline.py
[2023-05-06 10:57:14,888] {processor.py:654} INFO - DAG(s) dict_keys(['PredictingPipeline']) retrieved from /opt/airflow/dags/predict_pipeline.py
[2023-05-06 10:57:14,896] {logging_mixin.py:109} INFO - [2023-05-06 10:57:14,896] {dag.py:2398} INFO - Sync 1 DAGs
[2023-05-06 10:57:14,905] {logging_mixin.py:109} INFO - [2023-05-06 10:57:14,905] {dag.py:2937} INFO - Setting next_dagrun for PredictingPipeline to 2023-05-05T10:57:14.905149+00:00
[2023-05-06 10:57:14,910] {processor.py:171} INFO - Processing /opt/airflow/dags/predict_pipeline.py took 0.434 seconds
[2023-05-06 10:57:45,005] {processor.py:163} INFO - Started process (PID=295) to work on /opt/airflow/dags/predict_pipeline.py
[2023-05-06 10:57:45,007] {processor.py:642} INFO - Processing file /opt/airflow/dags/predict_pipeline.py for tasks to queue
[2023-05-06 10:57:45,008] {logging_mixin.py:109} INFO - [2023-05-06 10:57:45,008] {dagbag.py:500} INFO - Filling up the DagBag from /opt/airflow/dags/predict_pipeline.py
[2023-05-06 10:57:45,425] {processor.py:654} INFO - DAG(s) dict_keys(['PredictingPipeline']) retrieved from /opt/airflow/dags/predict_pipeline.py
[2023-05-06 10:57:45,432] {logging_mixin.py:109} INFO - [2023-05-06 10:57:45,432] {dag.py:2398} INFO - Sync 1 DAGs
[2023-05-06 10:57:45,441] {logging_mixin.py:109} INFO - [2023-05-06 10:57:45,441] {dag.py:2937} INFO - Setting next_dagrun for PredictingPipeline to 2023-05-05T10:57:45.440940+00:00
[2023-05-06 10:57:45,447] {processor.py:171} INFO - Processing /opt/airflow/dags/predict_pipeline.py took 0.444 seconds
[2023-05-06 10:58:15,542] {processor.py:163} INFO - Started process (PID=342) to work on /opt/airflow/dags/predict_pipeline.py
[2023-05-06 10:58:15,542] {processor.py:642} INFO - Processing file /opt/airflow/dags/predict_pipeline.py for tasks to queue
[2023-05-06 10:58:15,543] {logging_mixin.py:109} INFO - [2023-05-06 10:58:15,543] {dagbag.py:500} INFO - Filling up the DagBag from /opt/airflow/dags/predict_pipeline.py
[2023-05-06 10:58:15,932] {processor.py:654} INFO - DAG(s) dict_keys(['PredictingPipeline']) retrieved from /opt/airflow/dags/predict_pipeline.py
[2023-05-06 10:58:15,941] {logging_mixin.py:109} INFO - [2023-05-06 10:58:15,940] {dag.py:2398} INFO - Sync 1 DAGs
[2023-05-06 10:58:15,952] {logging_mixin.py:109} INFO - [2023-05-06 10:58:15,952] {dag.py:2937} INFO - Setting next_dagrun for PredictingPipeline to 2023-05-05T10:58:15.952582+00:00
[2023-05-06 10:58:15,961] {processor.py:171} INFO - Processing /opt/airflow/dags/predict_pipeline.py took 0.421 seconds
[2023-05-06 10:58:46,070] {processor.py:163} INFO - Started process (PID=389) to work on /opt/airflow/dags/predict_pipeline.py
[2023-05-06 10:58:46,072] {processor.py:642} INFO - Processing file /opt/airflow/dags/predict_pipeline.py for tasks to queue
[2023-05-06 10:58:46,073] {logging_mixin.py:109} INFO - [2023-05-06 10:58:46,073] {dagbag.py:500} INFO - Filling up the DagBag from /opt/airflow/dags/predict_pipeline.py
[2023-05-06 10:58:46,438] {processor.py:654} INFO - DAG(s) dict_keys(['PredictingPipeline']) retrieved from /opt/airflow/dags/predict_pipeline.py
[2023-05-06 10:58:46,444] {logging_mixin.py:109} INFO - [2023-05-06 10:58:46,444] {dag.py:2398} INFO - Sync 1 DAGs
[2023-05-06 10:58:46,452] {logging_mixin.py:109} INFO - [2023-05-06 10:58:46,452] {dag.py:2937} INFO - Setting next_dagrun for PredictingPipeline to 2023-05-05T10:58:46.452471+00:00
[2023-05-06 10:58:46,460] {processor.py:171} INFO - Processing /opt/airflow/dags/predict_pipeline.py took 0.393 seconds
[2023-05-06 10:59:16,553] {processor.py:163} INFO - Started process (PID=436) to work on /opt/airflow/dags/predict_pipeline.py
[2023-05-06 10:59:16,554] {processor.py:642} INFO - Processing file /opt/airflow/dags/predict_pipeline.py for tasks to queue
[2023-05-06 10:59:16,554] {logging_mixin.py:109} INFO - [2023-05-06 10:59:16,554] {dagbag.py:500} INFO - Filling up the DagBag from /opt/airflow/dags/predict_pipeline.py
[2023-05-06 10:59:16,922] {processor.py:654} INFO - DAG(s) dict_keys(['PredictingPipeline']) retrieved from /opt/airflow/dags/predict_pipeline.py
[2023-05-06 10:59:16,929] {logging_mixin.py:109} INFO - [2023-05-06 10:59:16,929] {dag.py:2398} INFO - Sync 1 DAGs
[2023-05-06 10:59:16,938] {logging_mixin.py:109} INFO - [2023-05-06 10:59:16,937] {dag.py:2937} INFO - Setting next_dagrun for PredictingPipeline to 2023-05-05T10:59:16.937836+00:00
[2023-05-06 10:59:16,945] {processor.py:171} INFO - Processing /opt/airflow/dags/predict_pipeline.py took 0.393 seconds
[2023-05-06 10:59:47,076] {processor.py:163} INFO - Started process (PID=483) to work on /opt/airflow/dags/predict_pipeline.py
[2023-05-06 10:59:47,078] {processor.py:642} INFO - Processing file /opt/airflow/dags/predict_pipeline.py for tasks to queue
[2023-05-06 10:59:47,078] {logging_mixin.py:109} INFO - [2023-05-06 10:59:47,078] {dagbag.py:500} INFO - Filling up the DagBag from /opt/airflow/dags/predict_pipeline.py
[2023-05-06 10:59:47,448] {processor.py:654} INFO - DAG(s) dict_keys(['PredictingPipeline']) retrieved from /opt/airflow/dags/predict_pipeline.py
[2023-05-06 10:59:47,455] {logging_mixin.py:109} INFO - [2023-05-06 10:59:47,455] {dag.py:2398} INFO - Sync 1 DAGs
[2023-05-06 10:59:47,463] {logging_mixin.py:109} INFO - [2023-05-06 10:59:47,463] {dag.py:2937} INFO - Setting next_dagrun for PredictingPipeline to 2023-05-05T10:59:47.463446+00:00
[2023-05-06 10:59:47,470] {processor.py:171} INFO - Processing /opt/airflow/dags/predict_pipeline.py took 0.396 seconds
[2023-05-06 11:00:17,568] {processor.py:163} INFO - Started process (PID=530) to work on /opt/airflow/dags/predict_pipeline.py
[2023-05-06 11:00:17,570] {processor.py:642} INFO - Processing file /opt/airflow/dags/predict_pipeline.py for tasks to queue
[2023-05-06 11:00:17,571] {logging_mixin.py:109} INFO - [2023-05-06 11:00:17,571] {dagbag.py:500} INFO - Filling up the DagBag from /opt/airflow/dags/predict_pipeline.py
[2023-05-06 11:00:17,951] {processor.py:654} INFO - DAG(s) dict_keys(['PredictingPipeline']) retrieved from /opt/airflow/dags/predict_pipeline.py
[2023-05-06 11:00:17,958] {logging_mixin.py:109} INFO - [2023-05-06 11:00:17,958] {dag.py:2398} INFO - Sync 1 DAGs
[2023-05-06 11:00:17,967] {logging_mixin.py:109} INFO - [2023-05-06 11:00:17,967] {dag.py:2937} INFO - Setting next_dagrun for PredictingPipeline to 2023-05-05T11:00:17.967524+00:00
[2023-05-06 11:00:17,975] {processor.py:171} INFO - Processing /opt/airflow/dags/predict_pipeline.py took 0.408 seconds
[2023-05-06 11:00:48,073] {processor.py:163} INFO - Started process (PID=577) to work on /opt/airflow/dags/predict_pipeline.py
[2023-05-06 11:00:48,075] {processor.py:642} INFO - Processing file /opt/airflow/dags/predict_pipeline.py for tasks to queue
[2023-05-06 11:00:48,076] {logging_mixin.py:109} INFO - [2023-05-06 11:00:48,075] {dagbag.py:500} INFO - Filling up the DagBag from /opt/airflow/dags/predict_pipeline.py
[2023-05-06 11:00:48,443] {processor.py:654} INFO - DAG(s) dict_keys(['PredictingPipeline']) retrieved from /opt/airflow/dags/predict_pipeline.py
[2023-05-06 11:00:48,450] {logging_mixin.py:109} INFO - [2023-05-06 11:00:48,450] {dag.py:2398} INFO - Sync 1 DAGs
[2023-05-06 11:00:48,459] {logging_mixin.py:109} INFO - [2023-05-06 11:00:48,459] {dag.py:2937} INFO - Setting next_dagrun for PredictingPipeline to 2023-05-05T11:00:48.459481+00:00
[2023-05-06 11:00:48,465] {processor.py:171} INFO - Processing /opt/airflow/dags/predict_pipeline.py took 0.394 seconds
[2023-05-06 11:01:18,544] {processor.py:163} INFO - Started process (PID=624) to work on /opt/airflow/dags/predict_pipeline.py
[2023-05-06 11:01:18,546] {processor.py:642} INFO - Processing file /opt/airflow/dags/predict_pipeline.py for tasks to queue
[2023-05-06 11:01:18,546] {logging_mixin.py:109} INFO - [2023-05-06 11:01:18,546] {dagbag.py:500} INFO - Filling up the DagBag from /opt/airflow/dags/predict_pipeline.py
[2023-05-06 11:01:18,923] {processor.py:654} INFO - DAG(s) dict_keys(['PredictingPipeline']) retrieved from /opt/airflow/dags/predict_pipeline.py
[2023-05-06 11:01:18,930] {logging_mixin.py:109} INFO - [2023-05-06 11:01:18,930] {dag.py:2398} INFO - Sync 1 DAGs
[2023-05-06 11:01:18,940] {logging_mixin.py:109} INFO - [2023-05-06 11:01:18,939] {dag.py:2937} INFO - Setting next_dagrun for PredictingPipeline to 2023-05-05T11:01:18.939853+00:00
[2023-05-06 11:01:18,945] {processor.py:171} INFO - Processing /opt/airflow/dags/predict_pipeline.py took 0.404 seconds
[2023-05-06 11:01:49,042] {processor.py:163} INFO - Started process (PID=670) to work on /opt/airflow/dags/predict_pipeline.py
[2023-05-06 11:01:49,044] {processor.py:642} INFO - Processing file /opt/airflow/dags/predict_pipeline.py for tasks to queue
[2023-05-06 11:01:49,044] {logging_mixin.py:109} INFO - [2023-05-06 11:01:49,044] {dagbag.py:500} INFO - Filling up the DagBag from /opt/airflow/dags/predict_pipeline.py
[2023-05-06 11:01:49,428] {processor.py:654} INFO - DAG(s) dict_keys(['PredictingPipeline']) retrieved from /opt/airflow/dags/predict_pipeline.py
[2023-05-06 11:01:49,435] {logging_mixin.py:109} INFO - [2023-05-06 11:01:49,435] {dag.py:2398} INFO - Sync 1 DAGs
[2023-05-06 11:01:49,443] {logging_mixin.py:109} INFO - [2023-05-06 11:01:49,443] {dag.py:2937} INFO - Setting next_dagrun for PredictingPipeline to 2023-05-05T11:01:49.443323+00:00
[2023-05-06 11:01:49,450] {processor.py:171} INFO - Processing /opt/airflow/dags/predict_pipeline.py took 0.409 seconds
[2023-05-06 11:02:19,547] {processor.py:163} INFO - Started process (PID=716) to work on /opt/airflow/dags/predict_pipeline.py
[2023-05-06 11:02:19,549] {processor.py:642} INFO - Processing file /opt/airflow/dags/predict_pipeline.py for tasks to queue
[2023-05-06 11:02:19,550] {logging_mixin.py:109} INFO - [2023-05-06 11:02:19,549] {dagbag.py:500} INFO - Filling up the DagBag from /opt/airflow/dags/predict_pipeline.py
[2023-05-06 11:02:19,926] {processor.py:654} INFO - DAG(s) dict_keys(['PredictingPipeline']) retrieved from /opt/airflow/dags/predict_pipeline.py
[2023-05-06 11:02:19,932] {logging_mixin.py:109} INFO - [2023-05-06 11:02:19,932] {dag.py:2398} INFO - Sync 1 DAGs
[2023-05-06 11:02:19,941] {logging_mixin.py:109} INFO - [2023-05-06 11:02:19,940] {dag.py:2937} INFO - Setting next_dagrun for PredictingPipeline to 2023-05-05T11:02:19.940793+00:00
[2023-05-06 11:02:19,948] {processor.py:171} INFO - Processing /opt/airflow/dags/predict_pipeline.py took 0.403 seconds
[2023-05-06 11:02:50,040] {processor.py:163} INFO - Started process (PID=763) to work on /opt/airflow/dags/predict_pipeline.py
[2023-05-06 11:02:50,041] {processor.py:642} INFO - Processing file /opt/airflow/dags/predict_pipeline.py for tasks to queue
[2023-05-06 11:02:50,041] {logging_mixin.py:109} INFO - [2023-05-06 11:02:50,041] {dagbag.py:500} INFO - Filling up the DagBag from /opt/airflow/dags/predict_pipeline.py
[2023-05-06 11:02:50,410] {processor.py:654} INFO - DAG(s) dict_keys(['PredictingPipeline']) retrieved from /opt/airflow/dags/predict_pipeline.py
[2023-05-06 11:02:50,417] {logging_mixin.py:109} INFO - [2023-05-06 11:02:50,417] {dag.py:2398} INFO - Sync 1 DAGs
[2023-05-06 11:02:50,427] {logging_mixin.py:109} INFO - [2023-05-06 11:02:50,427] {dag.py:2937} INFO - Setting next_dagrun for PredictingPipeline to 2023-05-05T11:02:50.426874+00:00
[2023-05-06 11:02:50,434] {processor.py:171} INFO - Processing /opt/airflow/dags/predict_pipeline.py took 0.396 seconds
[2023-05-06 11:03:20,531] {processor.py:163} INFO - Started process (PID=810) to work on /opt/airflow/dags/predict_pipeline.py
[2023-05-06 11:03:20,533] {processor.py:642} INFO - Processing file /opt/airflow/dags/predict_pipeline.py for tasks to queue
[2023-05-06 11:03:20,533] {logging_mixin.py:109} INFO - [2023-05-06 11:03:20,533] {dagbag.py:500} INFO - Filling up the DagBag from /opt/airflow/dags/predict_pipeline.py
[2023-05-06 11:03:20,907] {processor.py:654} INFO - DAG(s) dict_keys(['PredictingPipeline']) retrieved from /opt/airflow/dags/predict_pipeline.py
[2023-05-06 11:03:20,913] {logging_mixin.py:109} INFO - [2023-05-06 11:03:20,913] {dag.py:2398} INFO - Sync 1 DAGs
[2023-05-06 11:03:20,923] {logging_mixin.py:109} INFO - [2023-05-06 11:03:20,923] {dag.py:2937} INFO - Setting next_dagrun for PredictingPipeline to 2023-05-05T11:03:20.923356+00:00
[2023-05-06 11:03:20,929] {processor.py:171} INFO - Processing /opt/airflow/dags/predict_pipeline.py took 0.402 seconds
[2023-05-06 11:03:51,020] {processor.py:163} INFO - Started process (PID=897) to work on /opt/airflow/dags/predict_pipeline.py
[2023-05-06 11:03:51,021] {processor.py:642} INFO - Processing file /opt/airflow/dags/predict_pipeline.py for tasks to queue
[2023-05-06 11:03:51,021] {logging_mixin.py:109} INFO - [2023-05-06 11:03:51,021] {dagbag.py:500} INFO - Filling up the DagBag from /opt/airflow/dags/predict_pipeline.py
[2023-05-06 11:03:51,389] {processor.py:654} INFO - DAG(s) dict_keys(['PredictingPipeline']) retrieved from /opt/airflow/dags/predict_pipeline.py
[2023-05-06 11:03:51,396] {logging_mixin.py:109} INFO - [2023-05-06 11:03:51,396] {dag.py:2398} INFO - Sync 1 DAGs
[2023-05-06 11:03:51,405] {logging_mixin.py:109} INFO - [2023-05-06 11:03:51,405] {dag.py:2937} INFO - Setting next_dagrun for PredictingPipeline to 2023-05-06T11:03:20.923356+00:00
[2023-05-06 11:03:51,413] {processor.py:171} INFO - Processing /opt/airflow/dags/predict_pipeline.py took 0.394 seconds
[2023-05-06 11:04:09,485] {processor.py:163} INFO - Started process (PID=937) to work on /opt/airflow/dags/predict_pipeline.py
[2023-05-06 11:04:09,486] {processor.py:642} INFO - Processing file /opt/airflow/dags/predict_pipeline.py for tasks to queue
[2023-05-06 11:04:09,486] {logging_mixin.py:109} INFO - [2023-05-06 11:04:09,486] {dagbag.py:500} INFO - Filling up the DagBag from /opt/airflow/dags/predict_pipeline.py
[2023-05-06 11:04:09,907] {processor.py:654} INFO - DAG(s) dict_keys(['PredictingPipeline']) retrieved from /opt/airflow/dags/predict_pipeline.py
[2023-05-06 11:04:10,093] {logging_mixin.py:109} INFO - [2023-05-06 11:04:10,093] {dag.py:2398} INFO - Sync 1 DAGs
[2023-05-06 11:04:10,104] {logging_mixin.py:109} INFO - [2023-05-06 11:04:10,104] {dag.py:2937} INFO - Setting next_dagrun for PredictingPipeline to 2023-05-06T11:03:20.923356+00:00
[2023-05-06 11:04:10,114] {processor.py:171} INFO - Processing /opt/airflow/dags/predict_pipeline.py took 0.631 seconds
[2023-05-06 11:04:40,195] {processor.py:163} INFO - Started process (PID=1003) to work on /opt/airflow/dags/predict_pipeline.py
[2023-05-06 11:04:40,197] {processor.py:642} INFO - Processing file /opt/airflow/dags/predict_pipeline.py for tasks to queue
[2023-05-06 11:04:40,198] {logging_mixin.py:109} INFO - [2023-05-06 11:04:40,198] {dagbag.py:500} INFO - Filling up the DagBag from /opt/airflow/dags/predict_pipeline.py
[2023-05-06 11:04:40,583] {processor.py:654} INFO - DAG(s) dict_keys(['PredictingPipeline']) retrieved from /opt/airflow/dags/predict_pipeline.py
[2023-05-06 11:04:40,590] {logging_mixin.py:109} INFO - [2023-05-06 11:04:40,590] {dag.py:2398} INFO - Sync 1 DAGs
[2023-05-06 11:04:40,600] {logging_mixin.py:109} INFO - [2023-05-06 11:04:40,600] {dag.py:2937} INFO - Setting next_dagrun for PredictingPipeline to 2023-05-06T11:03:20.923356+00:00
[2023-05-06 11:04:40,608] {processor.py:171} INFO - Processing /opt/airflow/dags/predict_pipeline.py took 0.414 seconds
[2023-05-06 11:05:10,693] {processor.py:163} INFO - Started process (PID=1090) to work on /opt/airflow/dags/predict_pipeline.py
[2023-05-06 11:05:10,694] {processor.py:642} INFO - Processing file /opt/airflow/dags/predict_pipeline.py for tasks to queue
[2023-05-06 11:05:10,695] {logging_mixin.py:109} INFO - [2023-05-06 11:05:10,695] {dagbag.py:500} INFO - Filling up the DagBag from /opt/airflow/dags/predict_pipeline.py
[2023-05-06 11:05:11,073] {processor.py:654} INFO - DAG(s) dict_keys(['PredictingPipeline']) retrieved from /opt/airflow/dags/predict_pipeline.py
[2023-05-06 11:05:11,080] {logging_mixin.py:109} INFO - [2023-05-06 11:05:11,080] {dag.py:2398} INFO - Sync 1 DAGs
[2023-05-06 11:05:11,090] {logging_mixin.py:109} INFO - [2023-05-06 11:05:11,089] {dag.py:2937} INFO - Setting next_dagrun for PredictingPipeline to 2023-05-06T11:03:20.923356+00:00
[2023-05-06 11:05:11,095] {processor.py:171} INFO - Processing /opt/airflow/dags/predict_pipeline.py took 0.404 seconds
[2023-05-06 11:05:41,168] {processor.py:163} INFO - Started process (PID=1137) to work on /opt/airflow/dags/predict_pipeline.py
[2023-05-06 11:05:41,169] {processor.py:642} INFO - Processing file /opt/airflow/dags/predict_pipeline.py for tasks to queue
[2023-05-06 11:05:41,169] {logging_mixin.py:109} INFO - [2023-05-06 11:05:41,169] {dagbag.py:500} INFO - Filling up the DagBag from /opt/airflow/dags/predict_pipeline.py
[2023-05-06 11:05:41,532] {processor.py:654} INFO - DAG(s) dict_keys(['PredictingPipeline']) retrieved from /opt/airflow/dags/predict_pipeline.py
[2023-05-06 11:05:41,539] {logging_mixin.py:109} INFO - [2023-05-06 11:05:41,539] {dag.py:2398} INFO - Sync 1 DAGs
[2023-05-06 11:05:41,550] {logging_mixin.py:109} INFO - [2023-05-06 11:05:41,549] {dag.py:2937} INFO - Setting next_dagrun for PredictingPipeline to 2023-05-06T11:03:20.923356+00:00
[2023-05-06 11:05:41,556] {processor.py:171} INFO - Processing /opt/airflow/dags/predict_pipeline.py took 0.390 seconds
[2023-05-06 11:06:11,641] {processor.py:163} INFO - Started process (PID=1183) to work on /opt/airflow/dags/predict_pipeline.py
[2023-05-06 11:06:11,643] {processor.py:642} INFO - Processing file /opt/airflow/dags/predict_pipeline.py for tasks to queue
[2023-05-06 11:06:11,643] {logging_mixin.py:109} INFO - [2023-05-06 11:06:11,643] {dagbag.py:500} INFO - Filling up the DagBag from /opt/airflow/dags/predict_pipeline.py
[2023-05-06 11:06:11,995] {processor.py:654} INFO - DAG(s) dict_keys(['PredictingPipeline']) retrieved from /opt/airflow/dags/predict_pipeline.py
[2023-05-06 11:06:12,002] {logging_mixin.py:109} INFO - [2023-05-06 11:06:12,002] {dag.py:2398} INFO - Sync 1 DAGs
[2023-05-06 11:06:12,011] {logging_mixin.py:109} INFO - [2023-05-06 11:06:12,010] {dag.py:2937} INFO - Setting next_dagrun for PredictingPipeline to 2023-05-06T11:03:20.923356+00:00
[2023-05-06 11:06:12,017] {processor.py:171} INFO - Processing /opt/airflow/dags/predict_pipeline.py took 0.378 seconds
[2023-05-06 11:06:42,103] {processor.py:163} INFO - Started process (PID=1230) to work on /opt/airflow/dags/predict_pipeline.py
[2023-05-06 11:06:42,105] {processor.py:642} INFO - Processing file /opt/airflow/dags/predict_pipeline.py for tasks to queue
[2023-05-06 11:06:42,105] {logging_mixin.py:109} INFO - [2023-05-06 11:06:42,105] {dagbag.py:500} INFO - Filling up the DagBag from /opt/airflow/dags/predict_pipeline.py
[2023-05-06 11:06:42,489] {processor.py:654} INFO - DAG(s) dict_keys(['PredictingPipeline']) retrieved from /opt/airflow/dags/predict_pipeline.py
[2023-05-06 11:06:42,496] {logging_mixin.py:109} INFO - [2023-05-06 11:06:42,496] {dag.py:2398} INFO - Sync 1 DAGs
[2023-05-06 11:06:42,505] {logging_mixin.py:109} INFO - [2023-05-06 11:06:42,505] {dag.py:2937} INFO - Setting next_dagrun for PredictingPipeline to 2023-05-06T11:03:20.923356+00:00
[2023-05-06 11:06:42,511] {processor.py:171} INFO - Processing /opt/airflow/dags/predict_pipeline.py took 0.410 seconds
[2023-05-06 11:07:12,583] {processor.py:163} INFO - Started process (PID=1277) to work on /opt/airflow/dags/predict_pipeline.py
[2023-05-06 11:07:12,585] {processor.py:642} INFO - Processing file /opt/airflow/dags/predict_pipeline.py for tasks to queue
[2023-05-06 11:07:12,585] {logging_mixin.py:109} INFO - [2023-05-06 11:07:12,585] {dagbag.py:500} INFO - Filling up the DagBag from /opt/airflow/dags/predict_pipeline.py
[2023-05-06 11:07:12,945] {processor.py:654} INFO - DAG(s) dict_keys(['PredictingPipeline']) retrieved from /opt/airflow/dags/predict_pipeline.py
[2023-05-06 11:07:12,952] {logging_mixin.py:109} INFO - [2023-05-06 11:07:12,952] {dag.py:2398} INFO - Sync 1 DAGs
[2023-05-06 11:07:12,961] {logging_mixin.py:109} INFO - [2023-05-06 11:07:12,961] {dag.py:2937} INFO - Setting next_dagrun for PredictingPipeline to 2023-05-06T11:03:20.923356+00:00
[2023-05-06 11:07:12,969] {processor.py:171} INFO - Processing /opt/airflow/dags/predict_pipeline.py took 0.388 seconds
[2023-05-06 11:07:43,037] {processor.py:163} INFO - Started process (PID=1324) to work on /opt/airflow/dags/predict_pipeline.py
[2023-05-06 11:07:43,038] {processor.py:642} INFO - Processing file /opt/airflow/dags/predict_pipeline.py for tasks to queue
[2023-05-06 11:07:43,039] {logging_mixin.py:109} INFO - [2023-05-06 11:07:43,039] {dagbag.py:500} INFO - Filling up the DagBag from /opt/airflow/dags/predict_pipeline.py
[2023-05-06 11:07:43,406] {processor.py:654} INFO - DAG(s) dict_keys(['PredictingPipeline']) retrieved from /opt/airflow/dags/predict_pipeline.py
[2023-05-06 11:07:43,414] {logging_mixin.py:109} INFO - [2023-05-06 11:07:43,413] {dag.py:2398} INFO - Sync 1 DAGs
[2023-05-06 11:07:43,423] {logging_mixin.py:109} INFO - [2023-05-06 11:07:43,422] {dag.py:2937} INFO - Setting next_dagrun for PredictingPipeline to 2023-05-06T11:03:20.923356+00:00
[2023-05-06 11:07:43,430] {processor.py:171} INFO - Processing /opt/airflow/dags/predict_pipeline.py took 0.395 seconds
