[2023-05-06 10:57:33,647] {taskinstance.py:1037} INFO - Dependencies all met for <TaskInstance: TrainingPipeline.dataset_step manual__2023-05-06T10:57:32.430452+00:00 [queued]>
[2023-05-06 10:57:33,654] {taskinstance.py:1037} INFO - Dependencies all met for <TaskInstance: TrainingPipeline.dataset_step manual__2023-05-06T10:57:32.430452+00:00 [queued]>
[2023-05-06 10:57:33,654] {taskinstance.py:1243} INFO - 
--------------------------------------------------------------------------------
[2023-05-06 10:57:33,654] {taskinstance.py:1244} INFO - Starting attempt 1 of 1
[2023-05-06 10:57:33,654] {taskinstance.py:1245} INFO - 
--------------------------------------------------------------------------------
[2023-05-06 10:57:33,665] {taskinstance.py:1264} INFO - Executing <Task(DockerOperatorWithExposedPorts): dataset_step> on 2023-05-06 10:57:32.430452+00:00
[2023-05-06 10:57:33,668] {standard_task_runner.py:52} INFO - Started process 267 to run task
[2023-05-06 10:57:33,670] {standard_task_runner.py:76} INFO - Running: ['***', 'tasks', 'run', 'TrainingPipeline', 'dataset_step', 'manual__2023-05-06T10:57:32.430452+00:00', '--job-id', '3', '--raw', '--subdir', 'DAGS_FOLDER/train_pipeline.py', '--cfg-path', '/tmp/tmpa2d55y18', '--error-file', '/tmp/tmpfw3od7_h']
[2023-05-06 10:57:33,671] {standard_task_runner.py:77} INFO - Job 3: Subtask dataset_step
[2023-05-06 10:57:33,707] {logging_mixin.py:109} INFO - Running <TaskInstance: TrainingPipeline.dataset_step manual__2023-05-06T10:57:32.430452+00:00 [running]> on host 2c294513ab10
[2023-05-06 10:57:33,737] {logging_mixin.py:109} WARNING - /home/***/.local/lib/python3.7/site-packages/***/utils/context.py:156 AirflowContextDeprecationWarning: Accessing 'execution_date' from the template is deprecated and will be removed in a future version. Please use 'data_interval_start' or 'logical_date' instead.
[2023-05-06 10:57:33,750] {taskinstance.py:1431} INFO - Exporting the following env vars:
AIRFLOW_CTX_DAG_OWNER=***
AIRFLOW_CTX_DAG_ID=TrainingPipeline
AIRFLOW_CTX_TASK_ID=dataset_step
AIRFLOW_CTX_EXECUTION_DATE=2023-05-06T10:57:32.430452+00:00
AIRFLOW_CTX_DAG_RUN_ID=manual__2023-05-06T10:57:32.430452+00:00
[2023-05-06 10:57:33,762] {docker.py:236} INFO - Starting docker container from image ubuntu
[2023-05-06 10:57:33,764] {docker.py:247} WARNING - Using remote engine or docker-in-docker and mounting temporary volume from host is not supported. Falling back to `mount_tmp_dir=False` mode. You can set `mount_tmp_dir` parameter to False to disable mounting and remove the warning
[2023-05-06 10:57:34,225] {taskinstance.py:1282} INFO - Marking task as SUCCESS. dag_id=TrainingPipeline, task_id=dataset_step, execution_date=20230506T105732, start_date=20230506T105733, end_date=20230506T105734
[2023-05-06 10:57:34,245] {local_task_job.py:154} INFO - Task exited with return code 0
[2023-05-06 10:57:34,273] {local_task_job.py:264} INFO - 1 downstream tasks scheduled from follow-on schedule check
