[2023-05-06 11:04:49,249] {taskinstance.py:1037} INFO - Dependencies all met for <TaskInstance: PredictingPipeline.finish_prediction_server manual__2023-05-06T11:04:42.299543+00:00 [queued]>
[2023-05-06 11:04:49,256] {taskinstance.py:1037} INFO - Dependencies all met for <TaskInstance: PredictingPipeline.finish_prediction_server manual__2023-05-06T11:04:42.299543+00:00 [queued]>
[2023-05-06 11:04:49,256] {taskinstance.py:1243} INFO - 
--------------------------------------------------------------------------------
[2023-05-06 11:04:49,256] {taskinstance.py:1244} INFO - Starting attempt 1 of 1
[2023-05-06 11:04:49,256] {taskinstance.py:1245} INFO - 
--------------------------------------------------------------------------------
[2023-05-06 11:04:49,263] {taskinstance.py:1264} INFO - Executing <Task(DockerKillerOperator): finish_prediction_server> on 2023-05-06 11:04:42.299543+00:00
[2023-05-06 11:04:49,268] {standard_task_runner.py:52} INFO - Started process 1062 to run task
[2023-05-06 11:04:49,269] {standard_task_runner.py:76} INFO - Running: ['***', 'tasks', 'run', 'PredictingPipeline', 'finish_prediction_server', 'manual__2023-05-06T11:04:42.299543+00:00', '--job-id', '15', '--raw', '--subdir', 'DAGS_FOLDER/predict_pipeline.py', '--cfg-path', '/tmp/tmpsy0o0xtf', '--error-file', '/tmp/tmpnskpknwr']
[2023-05-06 11:04:49,270] {standard_task_runner.py:77} INFO - Job 15: Subtask finish_prediction_server
[2023-05-06 11:04:49,304] {logging_mixin.py:109} INFO - Running <TaskInstance: PredictingPipeline.finish_prediction_server manual__2023-05-06T11:04:42.299543+00:00 [running]> on host 2c294513ab10
[2023-05-06 11:04:49,342] {taskinstance.py:1431} INFO - Exporting the following env vars:
AIRFLOW_CTX_DAG_OWNER=***
AIRFLOW_CTX_DAG_ID=PredictingPipeline
AIRFLOW_CTX_TASK_ID=finish_prediction_server
AIRFLOW_CTX_EXECUTION_DATE=2023-05-06T11:04:42.299543+00:00
AIRFLOW_CTX_DAG_RUN_ID=manual__2023-05-06T11:04:42.299543+00:00
[2023-05-06 11:04:59,668] {taskinstance.py:1282} INFO - Marking task as SUCCESS. dag_id=PredictingPipeline, task_id=finish_prediction_server, execution_date=20230506T110442, start_date=20230506T110449, end_date=20230506T110459
[2023-05-06 11:04:59,691] {local_task_job.py:154} INFO - Task exited with return code 0
[2023-05-06 11:04:59,709] {local_task_job.py:264} INFO - 0 downstream tasks scheduled from follow-on schedule check
