[2023-05-04 18:39:18,894] {taskinstance.py:1037} INFO - Dependencies all met for <TaskInstance: TrainingPipeline.register_model manual__2023-05-04T18:39:15.133407+00:00 [queued]>
[2023-05-04 18:39:18,900] {taskinstance.py:1037} INFO - Dependencies all met for <TaskInstance: TrainingPipeline.register_model manual__2023-05-04T18:39:15.133407+00:00 [queued]>
[2023-05-04 18:39:18,900] {taskinstance.py:1243} INFO - 
--------------------------------------------------------------------------------
[2023-05-04 18:39:18,900] {taskinstance.py:1244} INFO - Starting attempt 1 of 1
[2023-05-04 18:39:18,901] {taskinstance.py:1245} INFO - 
--------------------------------------------------------------------------------
[2023-05-04 18:39:18,908] {taskinstance.py:1264} INFO - Executing <Task(DockerOperatorWithExposedPorts): register_model> on 2023-05-04 18:39:15.133407+00:00
[2023-05-04 18:39:18,912] {standard_task_runner.py:52} INFO - Started process 285 to run task
[2023-05-04 18:39:18,914] {standard_task_runner.py:76} INFO - Running: ['***', 'tasks', 'run', 'TrainingPipeline', 'register_model', 'manual__2023-05-04T18:39:15.133407+00:00', '--job-id', '39', '--raw', '--subdir', 'DAGS_FOLDER/train_pipeline.py', '--cfg-path', '/tmp/tmp6deji0qr', '--error-file', '/tmp/tmp7lhva80q']
[2023-05-04 18:39:18,914] {standard_task_runner.py:77} INFO - Job 39: Subtask register_model
[2023-05-04 18:39:18,947] {logging_mixin.py:109} INFO - Running <TaskInstance: TrainingPipeline.register_model manual__2023-05-04T18:39:15.133407+00:00 [running]> on host 62f67588e447
[2023-05-04 18:39:18,971] {logging_mixin.py:109} WARNING - /home/***/.local/lib/python3.7/site-packages/***/utils/context.py:156 AirflowContextDeprecationWarning: Accessing 'execution_date' from the template is deprecated and will be removed in a future version. Please use 'data_interval_start' or 'logical_date' instead.
[2023-05-04 18:39:18,985] {taskinstance.py:1431} INFO - Exporting the following env vars:
AIRFLOW_CTX_DAG_OWNER=***
AIRFLOW_CTX_DAG_ID=TrainingPipeline
AIRFLOW_CTX_TASK_ID=register_model
AIRFLOW_CTX_EXECUTION_DATE=2023-05-04T18:39:15.133407+00:00
AIRFLOW_CTX_DAG_RUN_ID=manual__2023-05-04T18:39:15.133407+00:00
[2023-05-04 18:39:18,995] {docker.py:236} INFO - Starting docker container from image ubuntu
[2023-05-04 18:39:18,997] {docker.py:247} WARNING - Using remote engine or docker-in-docker and mounting temporary volume from host is not supported. Falling back to `mount_tmp_dir=False` mode. You can set `mount_tmp_dir` parameter to False to disable mounting and remove the warning
[2023-05-04 18:39:19,421] {taskinstance.py:1282} INFO - Marking task as SUCCESS. dag_id=TrainingPipeline, task_id=register_model, execution_date=20230504T183915, start_date=20230504T183918, end_date=20230504T183919
[2023-05-04 18:39:19,446] {local_task_job.py:154} INFO - Task exited with return code 0
[2023-05-04 18:39:19,478] {local_task_job.py:264} INFO - 0 downstream tasks scheduled from follow-on schedule check
